<?xml version="1.0" encoding="UTF-8"?>
<!-- Generated by org.testng.reporters.JUnitReportReporter -->
<testsuite hostname="LAPTOP-EEAS1CV9" failures="0" tests="1" name="com.Ecommerce.login.ValidLoginFunctionalityTest" time="7.276" errors="0" timestamp="19 Jun 2025 09:27:25 GMT" skipped="0">
  <testcase classname="com.Ecommerce.login.ValidLoginFunctionalityTest" name="loginTest" time="7.276"/>
</testsuite> <!-- com.Ecommerce.login.ValidLoginFunctionalityTest -->
