<?xml version="1.0" encoding="UTF-8"?>
<!-- Generated by org.testng.reporters.JUnitReportReporter -->
<testsuite hostname="LAPTOP-EEAS1CV9" failures="0" tests="1" name="com.Ecommerce.login.ValidLoginFunctionalityTest" time="2.894" errors="0" timestamp="20 Jun 2025 08:17:59 GMT" skipped="0">
  <testcase classname="com.Ecommerce.login.ValidLoginFunctionalityTest" name="loginTest" time="2.894"/>
</testsuite> <!-- com.Ecommerce.login.ValidLoginFunctionalityTest -->
