<?xml version="1.0" encoding="UTF-8"?>
<!-- Generated by org.testng.reporters.JUnitReportReporter -->
<testsuite hostname="LAPTOP-EEAS1CV9" failures="0" tests="50" name="com.Ecommerce.register.RegisterFunctionalityTest" time="216.346" errors="0" timestamp="19 Jun 2025 09:27:25 GMT" skipped="0">
  <testcase classname="com.Ecommerce.register.RegisterFunctionalityTest" name="registerTest" time="3.483"/>
  <testcase classname="com.Ecommerce.register.RegisterFunctionalityTest" name="registerTest" time="4.140"/>
  <testcase classname="com.Ecommerce.register.RegisterFunctionalityTest" name="registerTest" time="4.088"/>
  <testcase classname="com.Ecommerce.register.RegisterFunctionalityTest" name="registerTest" time="4.212"/>
  <testcase classname="com.Ecommerce.register.RegisterFunctionalityTest" name="registerTest" time="3.287"/>
  <testcase classname="com.Ecommerce.register.RegisterFunctionalityTest" name="registerTest" time="3.937"/>
  <testcase classname="com.Ecommerce.register.RegisterFunctionalityTest" name="registerTest" time="3.319"/>
  <testcase classname="com.Ecommerce.register.RegisterFunctionalityTest" name="registerTest" time="3.315"/>
  <testcase classname="com.Ecommerce.register.RegisterFunctionalityTest" name="registerTest" time="3.920"/>
  <testcase classname="com.Ecommerce.register.RegisterFunctionalityTest" name="registerTest" time="4.535"/>
  <testcase classname="com.Ecommerce.register.RegisterFunctionalityTest" name="registerTest" time="3.336"/>
  <testcase classname="com.Ecommerce.register.RegisterFunctionalityTest" name="registerTest" time="5.478"/>
  <testcase classname="com.Ecommerce.register.RegisterFunctionalityTest" name="registerTest" time="4.009"/>
  <testcase classname="com.Ecommerce.register.RegisterFunctionalityTest" name="registerTest" time="3.365"/>
  <testcase classname="com.Ecommerce.register.RegisterFunctionalityTest" name="registerTest" time="3.553"/>
  <testcase classname="com.Ecommerce.register.RegisterFunctionalityTest" name="registerTest" time="3.295"/>
  <testcase classname="com.Ecommerce.register.RegisterFunctionalityTest" name="registerTest" time="3.259"/>
  <testcase classname="com.Ecommerce.register.RegisterFunctionalityTest" name="registerTest" time="3.222"/>
  <testcase classname="com.Ecommerce.register.RegisterFunctionalityTest" name="registerTest" time="3.506"/>
  <testcase classname="com.Ecommerce.register.RegisterFunctionalityTest" name="registerTest" time="3.743"/>
  <testcase classname="com.Ecommerce.register.RegisterFunctionalityTest" name="registerTest" time="3.507"/>
  <testcase classname="com.Ecommerce.register.RegisterFunctionalityTest" name="registerTest" time="3.838"/>
  <testcase classname="com.Ecommerce.register.RegisterFunctionalityTest" name="registerTest" time="3.327"/>
  <testcase classname="com.Ecommerce.register.RegisterFunctionalityTest" name="registerTest" time="3.209"/>
  <testcase classname="com.Ecommerce.register.RegisterFunctionalityTest" name="registerTest" time="3.906"/>
  <testcase classname="com.Ecommerce.register.RegisterFunctionalityTest" name="registerTest" time="3.317"/>
  <testcase classname="com.Ecommerce.register.RegisterFunctionalityTest" name="registerTest" time="3.399"/>
  <testcase classname="com.Ecommerce.register.RegisterFunctionalityTest" name="registerTest" time="29.493"/>
  <testcase classname="com.Ecommerce.register.RegisterFunctionalityTest" name="registerTest" time="3.749"/>
  <testcase classname="com.Ecommerce.register.RegisterFunctionalityTest" name="registerTest" time="3.352"/>
  <testcase classname="com.Ecommerce.register.RegisterFunctionalityTest" name="registerTest" time="3.501"/>
  <testcase classname="com.Ecommerce.register.RegisterFunctionalityTest" name="registerTest" time="3.184"/>
  <testcase classname="com.Ecommerce.register.RegisterFunctionalityTest" name="registerTest" time="3.330"/>
  <testcase classname="com.Ecommerce.register.RegisterFunctionalityTest" name="registerTest" time="3.556"/>
  <testcase classname="com.Ecommerce.register.RegisterFunctionalityTest" name="registerTest" time="4.040"/>
  <testcase classname="com.Ecommerce.register.RegisterFunctionalityTest" name="registerTest" time="3.867"/>
  <testcase classname="com.Ecommerce.register.RegisterFunctionalityTest" name="registerTest" time="3.383"/>
  <testcase classname="com.Ecommerce.register.RegisterFunctionalityTest" name="registerTest" time="3.671"/>
  <testcase classname="com.Ecommerce.register.RegisterFunctionalityTest" name="registerTest" time="3.623"/>
  <testcase classname="com.Ecommerce.register.RegisterFunctionalityTest" name="registerTest" time="4.306"/>
  <testcase classname="com.Ecommerce.register.RegisterFunctionalityTest" name="registerTest" time="3.283"/>
  <testcase classname="com.Ecommerce.register.RegisterFunctionalityTest" name="registerTest" time="3.663"/>
  <testcase classname="com.Ecommerce.register.RegisterFunctionalityTest" name="registerTest" time="6.162"/>
  <testcase classname="com.Ecommerce.register.RegisterFunctionalityTest" name="registerTest" time="3.399"/>
  <testcase classname="com.Ecommerce.register.RegisterFunctionalityTest" name="registerTest" time="4.098"/>
  <testcase classname="com.Ecommerce.register.RegisterFunctionalityTest" name="registerTest" time="3.257"/>
  <testcase classname="com.Ecommerce.register.RegisterFunctionalityTest" name="registerTest" time="6.458"/>
  <testcase classname="com.Ecommerce.register.RegisterFunctionalityTest" name="registerTest" time="3.531"/>
  <testcase classname="com.Ecommerce.register.RegisterFunctionalityTest" name="registerTest" time="3.469"/>
  <testcase classname="com.Ecommerce.register.RegisterFunctionalityTest" name="registerTest" time="6.466"/>
</testsuite> <!-- com.Ecommerce.register.RegisterFunctionalityTest -->
