<?xml version="1.0" encoding="UTF-8"?>
<!-- Generated by org.testng.reporters.JUnitReportReporter -->
<testsuite hostname="LAPTOP-EEAS1CV9" failures="0" tests="20" name="com.Ecommerce.login.InvalidLoginFunctionalityTest" time="37.315" errors="1" timestamp="20 Jun 2025 08:17:59 GMT" skipped="0">
  <testcase classname="com.Ecommerce.login.InvalidLoginFunctionalityTest" name="invalidLoginTest" time="1.660"/>
  <testcase classname="com.Ecommerce.login.InvalidLoginFunctionalityTest" name="invalidLoginTest" time="1.771"/>
  <testcase classname="com.Ecommerce.login.InvalidLoginFunctionalityTest" name="invalidLoginTest" time="1.687"/>
  <testcase classname="com.Ecommerce.login.InvalidLoginFunctionalityTest" name="invalidLoginTest" time="3.297">
    <error message="stale element reference: stale element not found
  (Session info: chrome=137.0.7151.105)
For documentation on this error, please visit: https://www.selenium.dev/documentation/webdriver/troubleshooting/errors#stale-element-reference-exception
Build info: version: &#039;4.26.0&#039;, revision: &#039;8ccf0219d7&#039;
System info: os.name: &#039;Windows 11&#039;, os.arch: &#039;amd64&#039;, os.version: &#039;10.0&#039;, java.version: &#039;20.0.2&#039;
Driver info: org.openqa.selenium.chrome.ChromeDriver
Command: [cfc1873e5ea9f044bd4d441c4bdfe402, clearElement {id=f.54BFE5585A4C8FCEA63F368A82483E37.d.FBFCB774BEB3862256E4C78EFAF851A5.e.588}]
Capabilities {acceptInsecureCerts: false, browserName: chrome, browserVersion: 137.0.7151.105, chrome: {chromedriverVersion: 137.0.7151.119 (e0ac9d12dff..., userDataDir: C:\Users\AMANSI~1\AppData\L...}, fedcm:accounts: true, goog:chromeOptions: {debuggerAddress: localhost:52896}, networkConnectionEnabled: false, pageLoadStrategy: normal, platformName: windows, proxy: Proxy(), se:cdp: ws://localhost:52896/devtoo..., se:cdpVersion: 137.0.7151.105, setWindowRect: true, strictFileInteractability: false, timeouts: {implicit: 0, pageLoad: 300000, script: 30000}, unhandledPromptBehavior: dismiss and notify, webauthn:extension:credBlob: true, webauthn:extension:largeBlob: true, webauthn:extension:minPinLength: true, webauthn:extension:prf: true, webauthn:virtualAuthenticators: true}
Element: [[ChromeDriver: chrome on windows (cfc1873e5ea9f044bd4d441c4bdfe402)] -&gt; id: Email]
Session ID: cfc1873e5ea9f044bd4d441c4bdfe402" type="org.openqa.selenium.StaleElementReferenceException">
      <![CDATA[org.openqa.selenium.StaleElementReferenceException: stale element reference: stale element not found
  (Session info: chrome=137.0.7151.105)
For documentation on this error, please visit: https://www.selenium.dev/documentation/webdriver/troubleshooting/errors#stale-element-reference-exception
Build info: version: '4.26.0', revision: '8ccf0219d7'
System info: os.name: 'Windows 11', os.arch: 'amd64', os.version: '10.0', java.version: '20.0.2'
Driver info: org.openqa.selenium.chrome.ChromeDriver
Command: [cfc1873e5ea9f044bd4d441c4bdfe402, clearElement {id=f.54BFE5585A4C8FCEA63F368A82483E37.d.FBFCB774BEB3862256E4C78EFAF851A5.e.588}]
Capabilities {acceptInsecureCerts: false, browserName: chrome, browserVersion: 137.0.7151.105, chrome: {chromedriverVersion: 137.0.7151.119 (e0ac9d12dff..., userDataDir: C:\Users\AMANSI~1\AppData\L...}, fedcm:accounts: true, goog:chromeOptions: {debuggerAddress: localhost:52896}, networkConnectionEnabled: false, pageLoadStrategy: normal, platformName: windows, proxy: Proxy(), se:cdp: ws://localhost:52896/devtoo..., se:cdpVersion: 137.0.7151.105, setWindowRect: true, strictFileInteractability: false, timeouts: {implicit: 0, pageLoad: 300000, script: 30000}, unhandledPromptBehavior: dismiss and notify, webauthn:extension:credBlob: true, webauthn:extension:largeBlob: true, webauthn:extension:minPinLength: true, webauthn:extension:prf: true, webauthn:virtualAuthenticators: true}
Element: [[ChromeDriver: chrome on windows (cfc1873e5ea9f044bd4d441c4bdfe402)] -> id: Email]
Session ID: cfc1873e5ea9f044bd4d441c4bdfe402
at java.base/jdk.internal.reflect.DirectConstructorHandleAccessor.newInstance(DirectConstructorHandleAccessor.java:67)
at java.base/java.lang.reflect.Constructor.newInstanceWithCaller(Constructor.java:500)
at java.base/java.lang.reflect.Constructor.newInstance(Constructor.java:484)
at org.openqa.selenium.remote.ErrorCodec.decode(ErrorCodec.java:167)
at org.openqa.selenium.remote.codec.w3c.W3CHttpResponseCodec.decode(W3CHttpResponseCodec.java:138)
at org.openqa.selenium.remote.codec.w3c.W3CHttpResponseCodec.decode(W3CHttpResponseCodec.java:50)
at org.openqa.selenium.remote.HttpCommandExecutor.execute(HttpCommandExecutor.java:190)
at org.openqa.selenium.remote.service.DriverCommandExecutor.invokeExecute(DriverCommandExecutor.java:216)
at org.openqa.selenium.remote.service.DriverCommandExecutor.execute(DriverCommandExecutor.java:174)
at org.openqa.selenium.remote.RemoteWebDriver.execute(RemoteWebDriver.java:545)
at org.openqa.selenium.remote.RemoteWebElement.execute(RemoteWebElement.java:223)
at org.openqa.selenium.remote.RemoteWebElement.clear(RemoteWebElement.java:129)
at java.base/jdk.internal.reflect.DirectMethodHandleAccessor.invoke(DirectMethodHandleAccessor.java:104)
at java.base/java.lang.reflect.Method.invoke(Method.java:578)
at org.openqa.selenium.support.pagefactory.internal.LocatingElementHandler.invoke(LocatingElementHandler.java:51)
at jdk.proxy2/jdk.proxy2.$Proxy20.clear(Unknown Source)
at com.Ecommerce.ObjectRepository.LoginPage.invalidloginFunctionality(LoginPage.java:38)
at com.Ecommerce.login.InvalidLoginFunctionalityTest.invalidLoginTest(InvalidLoginFunctionalityTest.java:27)
at java.base/jdk.internal.reflect.DirectMethodHandleAccessor.invoke(DirectMethodHandleAccessor.java:104)
at java.base/java.lang.reflect.Method.invoke(Method.java:578)
at org.testng.internal.MethodInvocationHelper.invokeMethod(MethodInvocationHelper.java:124)
at org.testng.internal.Invoker.invokeMethod(Invoker.java:583)
at org.testng.internal.Invoker.invokeTestMethod(Invoker.java:719)
at org.testng.internal.Invoker.invokeTestMethods(Invoker.java:989)
at org.testng.internal.TestMethodWorker.invokeTestMethods(TestMethodWorker.java:125)
at org.testng.internal.TestMethodWorker.run(TestMethodWorker.java:109)
at org.testng.TestRunner.privateRun(TestRunner.java:648)
at org.testng.TestRunner.run(TestRunner.java:505)
at org.testng.SuiteRunner.runTest(SuiteRunner.java:455)
at org.testng.SuiteRunner.runSequentially(SuiteRunner.java:450)
at org.testng.SuiteRunner.privateRun(SuiteRunner.java:415)
at org.testng.SuiteRunner.run(SuiteRunner.java:364)
at org.testng.SuiteRunnerWorker.runSuite(SuiteRunnerWorker.java:52)
at org.testng.SuiteRunnerWorker.run(SuiteRunnerWorker.java:84)
at org.testng.TestNG.runSuitesSequentially(TestNG.java:1208)
at org.testng.TestNG.runSuitesLocally(TestNG.java:1137)
at org.testng.TestNG.runSuites(TestNG.java:1049)
at org.testng.TestNG.run(TestNG.java:1017)
at org.testng.remote.AbstractRemoteTestNG.run(AbstractRemoteTestNG.java:115)
at org.testng.remote.RemoteTestNG.initAndRun(RemoteTestNG.java:293)
at org.testng.remote.RemoteTestNG.main(RemoteTestNG.java:91)
]]>
    </error>
  </testcase> <!-- invalidLoginTest -->
  <testcase classname="com.Ecommerce.login.InvalidLoginFunctionalityTest" name="invalidLoginTest" time="1.642"/>
  <testcase classname="com.Ecommerce.login.InvalidLoginFunctionalityTest" name="invalidLoginTest" time="2.046"/>
  <testcase classname="com.Ecommerce.login.InvalidLoginFunctionalityTest" name="invalidLoginTest" time="1.765"/>
  <testcase classname="com.Ecommerce.login.InvalidLoginFunctionalityTest" name="invalidLoginTest" time="1.597"/>
  <testcase classname="com.Ecommerce.login.InvalidLoginFunctionalityTest" name="invalidLoginTest" time="2.039"/>
  <testcase classname="com.Ecommerce.login.InvalidLoginFunctionalityTest" name="invalidLoginTest" time="1.811"/>
  <testcase classname="com.Ecommerce.login.InvalidLoginFunctionalityTest" name="invalidLoginTest" time="2.169"/>
  <testcase classname="com.Ecommerce.login.InvalidLoginFunctionalityTest" name="invalidLoginTest" time="1.545"/>
  <testcase classname="com.Ecommerce.login.InvalidLoginFunctionalityTest" name="invalidLoginTest" time="1.497"/>
  <testcase classname="com.Ecommerce.login.InvalidLoginFunctionalityTest" name="invalidLoginTest" time="1.613"/>
  <testcase classname="com.Ecommerce.login.InvalidLoginFunctionalityTest" name="invalidLoginTest" time="1.817"/>
  <testcase classname="com.Ecommerce.login.InvalidLoginFunctionalityTest" name="invalidLoginTest" time="1.903"/>
  <testcase classname="com.Ecommerce.login.InvalidLoginFunctionalityTest" name="invalidLoginTest" time="1.637"/>
  <testcase classname="com.Ecommerce.login.InvalidLoginFunctionalityTest" name="invalidLoginTest" time="2.593"/>
  <testcase classname="com.Ecommerce.login.InvalidLoginFunctionalityTest" name="invalidLoginTest" time="1.647"/>
  <testcase classname="com.Ecommerce.login.InvalidLoginFunctionalityTest" name="invalidLoginTest" time="1.579"/>
</testsuite> <!-- com.Ecommerce.login.InvalidLoginFunctionalityTest -->
