<?xml version="1.0" encoding="UTF-8"?>
<!-- Generated by org.testng.reporters.JUnitReportReporter -->
<testsuite hostname="LAPTOP-EEAS1CV9" failures="0" tests="50" name="com.Ecommerce.register.RegisterFunctionalityTest" time="209.228" errors="1" timestamp="19 Jun 2025 08:03:23 GMT" skipped="0">
  <testcase classname="com.Ecommerce.register.RegisterFunctionalityTest" name="registerTest" time="4.612"/>
  <testcase classname="com.Ecommerce.register.RegisterFunctionalityTest" name="registerTest" time="3.697"/>
  <testcase classname="com.Ecommerce.register.RegisterFunctionalityTest" name="registerTest" time="3.685"/>
  <testcase classname="com.Ecommerce.register.RegisterFunctionalityTest" name="registerTest" time="4.529"/>
  <testcase classname="com.Ecommerce.register.RegisterFunctionalityTest" name="registerTest" time="3.359"/>
  <testcase classname="com.Ecommerce.register.RegisterFunctionalityTest" name="registerTest" time="3.580"/>
  <testcase classname="com.Ecommerce.register.RegisterFunctionalityTest" name="registerTest" time="3.505"/>
  <testcase classname="com.Ecommerce.register.RegisterFunctionalityTest" name="registerTest" time="3.394"/>
  <testcase classname="com.Ecommerce.register.RegisterFunctionalityTest" name="registerTest" time="3.300"/>
  <testcase classname="com.Ecommerce.register.RegisterFunctionalityTest" name="registerTest" time="3.342"/>
  <testcase classname="com.Ecommerce.register.RegisterFunctionalityTest" name="registerTest" time="3.557"/>
  <testcase classname="com.Ecommerce.register.RegisterFunctionalityTest" name="registerTest" time="4.264"/>
  <testcase classname="com.Ecommerce.register.RegisterFunctionalityTest" name="registerTest" time="6.379"/>
  <testcase classname="com.Ecommerce.register.RegisterFunctionalityTest" name="registerTest" time="3.551"/>
  <testcase classname="com.Ecommerce.register.RegisterFunctionalityTest" name="registerTest" time="3.394"/>
  <testcase classname="com.Ecommerce.register.RegisterFunctionalityTest" name="registerTest" time="3.331"/>
  <testcase classname="com.Ecommerce.register.RegisterFunctionalityTest" name="registerTest" time="5.472"/>
  <testcase classname="com.Ecommerce.register.RegisterFunctionalityTest" name="registerTest" time="3.943"/>
  <testcase classname="com.Ecommerce.register.RegisterFunctionalityTest" name="registerTest" time="3.759"/>
  <testcase classname="com.Ecommerce.register.RegisterFunctionalityTest" name="registerTest" time="3.574"/>
  <testcase classname="com.Ecommerce.register.RegisterFunctionalityTest" name="registerTest" time="5.578"/>
  <testcase classname="com.Ecommerce.register.RegisterFunctionalityTest" name="registerTest" time="3.542"/>
  <testcase classname="com.Ecommerce.register.RegisterFunctionalityTest" name="registerTest" time="5.233"/>
  <testcase classname="com.Ecommerce.register.RegisterFunctionalityTest" name="registerTest" time="3.297"/>
  <testcase classname="com.Ecommerce.register.RegisterFunctionalityTest" name="registerTest" time="3.908"/>
  <testcase classname="com.Ecommerce.register.RegisterFunctionalityTest" name="registerTest" time="3.252"/>
  <testcase classname="com.Ecommerce.register.RegisterFunctionalityTest" name="registerTest" time="3.276"/>
  <testcase classname="com.Ecommerce.register.RegisterFunctionalityTest" name="registerTest" time="6.012"/>
  <testcase classname="com.Ecommerce.register.RegisterFunctionalityTest" name="registerTest" time="3.454"/>
  <testcase classname="com.Ecommerce.register.RegisterFunctionalityTest" name="registerTest" time="12.405">
    <error message="no such element: Unable to locate element: {&quot;method&quot;:&quot;link text&quot;,&quot;selector&quot;:&quot;Log out&quot;}
  (Session info: chrome=137.0.7151.104)
For documentation on this error, please visit: https://www.selenium.dev/documentation/webdriver/troubleshooting/errors#no-such-element-exception
Build info: version: &#039;4.26.0&#039;, revision: &#039;8ccf0219d7&#039;
System info: os.name: &#039;Windows 11&#039;, os.arch: &#039;amd64&#039;, os.version: &#039;10.0&#039;, java.version: &#039;20.0.2&#039;
Driver info: org.openqa.selenium.chrome.ChromeDriver
Command: [2e11a930eb9f60bc8298e6f664c1943a, findElement {using=link text, value=Log out}]
Capabilities {acceptInsecureCerts: false, browserName: chrome, browserVersion: 137.0.7151.104, chrome: {chromedriverVersion: 137.0.7151.119 (e0ac9d12dff..., userDataDir: C:\Users\AMANSI~1\AppData\L...}, fedcm:accounts: true, goog:chromeOptions: {debuggerAddress: localhost:50404}, networkConnectionEnabled: false, pageLoadStrategy: normal, platformName: windows, proxy: Proxy(), se:cdp: ws://localhost:50404/devtoo..., se:cdpVersion: 137.0.7151.104, setWindowRect: true, strictFileInteractability: false, timeouts: {implicit: 0, pageLoad: 300000, script: 30000}, unhandledPromptBehavior: dismiss and notify, webauthn:extension:credBlob: true, webauthn:extension:largeBlob: true, webauthn:extension:minPinLength: true, webauthn:extension:prf: true, webauthn:virtualAuthenticators: true}
Session ID: 2e11a930eb9f60bc8298e6f664c1943a" type="org.openqa.selenium.NoSuchElementException">
      <![CDATA[org.openqa.selenium.NoSuchElementException: no such element: Unable to locate element: {"method":"link text","selector":"Log out"}
  (Session info: chrome=137.0.7151.104)
For documentation on this error, please visit: https://www.selenium.dev/documentation/webdriver/troubleshooting/errors#no-such-element-exception
Build info: version: '4.26.0', revision: '8ccf0219d7'
System info: os.name: 'Windows 11', os.arch: 'amd64', os.version: '10.0', java.version: '20.0.2'
Driver info: org.openqa.selenium.chrome.ChromeDriver
Command: [2e11a930eb9f60bc8298e6f664c1943a, findElement {using=link text, value=Log out}]
Capabilities {acceptInsecureCerts: false, browserName: chrome, browserVersion: 137.0.7151.104, chrome: {chromedriverVersion: 137.0.7151.119 (e0ac9d12dff..., userDataDir: C:\Users\AMANSI~1\AppData\L...}, fedcm:accounts: true, goog:chromeOptions: {debuggerAddress: localhost:50404}, networkConnectionEnabled: false, pageLoadStrategy: normal, platformName: windows, proxy: Proxy(), se:cdp: ws://localhost:50404/devtoo..., se:cdpVersion: 137.0.7151.104, setWindowRect: true, strictFileInteractability: false, timeouts: {implicit: 0, pageLoad: 300000, script: 30000}, unhandledPromptBehavior: dismiss and notify, webauthn:extension:credBlob: true, webauthn:extension:largeBlob: true, webauthn:extension:minPinLength: true, webauthn:extension:prf: true, webauthn:virtualAuthenticators: true}
Session ID: 2e11a930eb9f60bc8298e6f664c1943a
at java.base/jdk.internal.reflect.DirectConstructorHandleAccessor.newInstance(DirectConstructorHandleAccessor.java:67)
at java.base/java.lang.reflect.Constructor.newInstanceWithCaller(Constructor.java:500)
at java.base/java.lang.reflect.Constructor.newInstance(Constructor.java:484)
at org.openqa.selenium.remote.ErrorCodec.decode(ErrorCodec.java:167)
at org.openqa.selenium.remote.codec.w3c.W3CHttpResponseCodec.decode(W3CHttpResponseCodec.java:138)
at org.openqa.selenium.remote.codec.w3c.W3CHttpResponseCodec.decode(W3CHttpResponseCodec.java:50)
at org.openqa.selenium.remote.HttpCommandExecutor.execute(HttpCommandExecutor.java:190)
at org.openqa.selenium.remote.service.DriverCommandExecutor.invokeExecute(DriverCommandExecutor.java:216)
at org.openqa.selenium.remote.service.DriverCommandExecutor.execute(DriverCommandExecutor.java:174)
at org.openqa.selenium.remote.RemoteWebDriver.execute(RemoteWebDriver.java:545)
at org.openqa.selenium.remote.ElementLocation$ElementFinder$2.findElement(ElementLocation.java:165)
at org.openqa.selenium.remote.ElementLocation.findElement(ElementLocation.java:59)
at org.openqa.selenium.remote.RemoteWebDriver.findElement(RemoteWebDriver.java:368)
at org.openqa.selenium.remote.RemoteWebDriver.findElement(RemoteWebDriver.java:362)
at org.openqa.selenium.support.pagefactory.DefaultElementLocator.findElement(DefaultElementLocator.java:68)
at org.openqa.selenium.support.pagefactory.internal.LocatingElementHandler.invoke(LocatingElementHandler.java:38)
at jdk.proxy2/jdk.proxy2.$Proxy18.click(Unknown Source)
at com.Ecommerce.ObjectRepository.RegisterPage.registerFunctionality(RegisterPage.java:49)
at com.Ecommerce.register.RegisterFunctionalityTest.registerTest(RegisterFunctionalityTest.java:28)
at java.base/jdk.internal.reflect.DirectMethodHandleAccessor.invoke(DirectMethodHandleAccessor.java:104)
at java.base/java.lang.reflect.Method.invoke(Method.java:578)
at org.testng.internal.MethodInvocationHelper.invokeMethod(MethodInvocationHelper.java:124)
at org.testng.internal.Invoker.invokeMethod(Invoker.java:583)
at org.testng.internal.Invoker.invokeTestMethod(Invoker.java:719)
at org.testng.internal.Invoker.invokeTestMethods(Invoker.java:989)
at org.testng.internal.TestMethodWorker.invokeTestMethods(TestMethodWorker.java:125)
at org.testng.internal.TestMethodWorker.run(TestMethodWorker.java:109)
at org.testng.TestRunner.privateRun(TestRunner.java:648)
at org.testng.TestRunner.run(TestRunner.java:505)
at org.testng.SuiteRunner.runTest(SuiteRunner.java:455)
at org.testng.SuiteRunner.runSequentially(SuiteRunner.java:450)
at org.testng.SuiteRunner.privateRun(SuiteRunner.java:415)
at org.testng.SuiteRunner.run(SuiteRunner.java:364)
at org.testng.SuiteRunnerWorker.runSuite(SuiteRunnerWorker.java:52)
at org.testng.SuiteRunnerWorker.run(SuiteRunnerWorker.java:84)
at org.testng.TestNG.runSuitesSequentially(TestNG.java:1208)
at org.testng.TestNG.runSuitesLocally(TestNG.java:1137)
at org.testng.TestNG.runSuites(TestNG.java:1049)
at org.testng.TestNG.run(TestNG.java:1017)
at org.testng.remote.AbstractRemoteTestNG.run(AbstractRemoteTestNG.java:115)
at org.testng.remote.RemoteTestNG.initAndRun(RemoteTestNG.java:293)
at org.testng.remote.RemoteTestNG.main(RemoteTestNG.java:91)
]]>
    </error>
  </testcase> <!-- registerTest -->
  <testcase classname="com.Ecommerce.register.RegisterFunctionalityTest" name="registerTest" time="3.420"/>
  <testcase classname="com.Ecommerce.register.RegisterFunctionalityTest" name="registerTest" time="3.373"/>
  <testcase classname="com.Ecommerce.register.RegisterFunctionalityTest" name="registerTest" time="3.454"/>
  <testcase classname="com.Ecommerce.register.RegisterFunctionalityTest" name="registerTest" time="4.261"/>
  <testcase classname="com.Ecommerce.register.RegisterFunctionalityTest" name="registerTest" time="3.487"/>
  <testcase classname="com.Ecommerce.register.RegisterFunctionalityTest" name="registerTest" time="4.024"/>
  <testcase classname="com.Ecommerce.register.RegisterFunctionalityTest" name="registerTest" time="3.380"/>
  <testcase classname="com.Ecommerce.register.RegisterFunctionalityTest" name="registerTest" time="3.521"/>
  <testcase classname="com.Ecommerce.register.RegisterFunctionalityTest" name="registerTest" time="3.341"/>
  <testcase classname="com.Ecommerce.register.RegisterFunctionalityTest" name="registerTest" time="4.097"/>
  <testcase classname="com.Ecommerce.register.RegisterFunctionalityTest" name="registerTest" time="3.723"/>
  <testcase classname="com.Ecommerce.register.RegisterFunctionalityTest" name="registerTest" time="3.541"/>
  <testcase classname="com.Ecommerce.register.RegisterFunctionalityTest" name="registerTest" time="4.109"/>
  <testcase classname="com.Ecommerce.register.RegisterFunctionalityTest" name="registerTest" time="3.546"/>
  <testcase classname="com.Ecommerce.register.RegisterFunctionalityTest" name="registerTest" time="3.635"/>
  <testcase classname="com.Ecommerce.register.RegisterFunctionalityTest" name="registerTest" time="3.647"/>
  <testcase classname="com.Ecommerce.register.RegisterFunctionalityTest" name="registerTest" time="4.090"/>
  <testcase classname="com.Ecommerce.register.RegisterFunctionalityTest" name="registerTest" time="5.105"/>
  <testcase classname="com.Ecommerce.register.RegisterFunctionalityTest" name="registerTest" time="6.508"/>
  <testcase classname="com.Ecommerce.register.RegisterFunctionalityTest" name="registerTest" time="6.782"/>
</testsuite> <!-- com.Ecommerce.register.RegisterFunctionalityTest -->
