<?xml version="1.0" encoding="UTF-8"?>
<!-- Generated by org.testng.reporters.JUnitReportReporter -->
<testsuite hostname="LAPTOP-EEAS1CV9" failures="0" tests="3" name="com.Ecommerce.login.ValidLoginFunctionalityTest2" time="7.347" errors="0" timestamp="20 Jun 2025 08:02:02 GMT" skipped="0">
  <testcase classname="com.Ecommerce.login.ValidLoginFunctionalityTest2" name="loginTest" time="2.266"/>
  <testcase classname="com.Ecommerce.login.ValidLoginFunctionalityTest2" name="loginTest" time="2.565"/>
  <testcase classname="com.Ecommerce.login.ValidLoginFunctionalityTest2" name="loginTest" time="2.516"/>
</testsuite> <!-- com.Ecommerce.login.ValidLoginFunctionalityTest2 -->
